  Tools.cpp
  OCR.cpp
  Generating Code...
HourHeight.obj : error LNK2019: unresolved external symbol "void __cdecl cv::fastFree(void *)" (?fastFree@cv@@YAXPAX@Z) referenced in function "public: __thiscall cv::Mat::~Mat(void)" (??1Mat@cv@@QAE@XZ)
OCR.obj : error LNK2001: unresolved external symbol "void __cdecl cv::fastFree(void *)" (?fastFree@cv@@YAXPAX@Z)
Source.obj : error LNK2001: unresolved external symbol "void __cdecl cv::fastFree(void *)" (?fastFree@cv@@YAXPAX@Z)
Tools.obj : error LNK2001: unresolved external symbol "void __cdecl cv::fastFree(void *)" (?fastFree@cv@@YAXPAX@Z)
HourHeight.obj : error LNK2019: unresolved external symbol "private: char * __thiscall cv::String::allocate(unsigned int)" (?allocate@String@cv@@AAEPADI@Z) referenced in function "public: __thiscall cv::String::String(char const *)" (??0String@cv@@QAE@PBD@Z)
Source.obj : error LNK2001: unresolved external symbol "private: char * __thiscall cv::String::allocate(unsigned int)" (?allocate@String@cv@@AAEPADI@Z)
Tools.obj : error LNK2001: unresolved external symbol "private: char * __thiscall cv::String::allocate(unsigned int)" (?allocate@String@cv@@AAEPADI@Z)
HourHeight.obj : error LNK2019: unresolved external symbol "private: void __thiscall cv::String::deallocate(void)" (?deallocate@String@cv@@AAEXXZ) referenced in function "public: __thiscall cv::String::~String(void)" (??1String@cv@@QAE@XZ)
Source.obj : error LNK2001: unresolved external symbol "private: void __thiscall cv::String::deallocate(void)" (?deallocate@String@cv@@AAEXXZ)
Tools.obj : error LNK2001: unresolved external symbol "private: void __thiscall cv::String::deallocate(void)" (?deallocate@String@cv@@AAEXXZ)
HourHeight.obj : error LNK2019: unresolved external symbol "void __cdecl cv::error(int,class cv::String const &,char const *,char const *,int)" (?error@cv@@YAXHABVString@1@PBD1H@Z) referenced in function "public: __thiscall cv::Matx<int,2,1>::Matx<int,2,1>(class std::initializer_list<int>)" (??0?$Matx@H$01$00@cv@@QAE@V?$initializer_list@H@std@@@Z)
Source.obj : error LNK2001: unresolved external symbol "void __cdecl cv::error(int,class cv::String const &,char const *,char const *,int)" (?error@cv@@YAXHABVString@1@PBD1H@Z)
Tools.obj : error LNK2001: unresolved external symbol "void __cdecl cv::error(int,class cv::String const &,char const *,char const *,int)" (?error@cv@@YAXHABVString@1@PBD1H@Z)
HourHeight.obj : error LNK2019: unresolved external symbol "public: static class cv::MatExpr __cdecl cv::Mat::zeros(class cv::Size_<int>,int)" (?zeros@Mat@cv@@SA?AVMatExpr@2@V?$Size_@H@2@H@Z) referenced in function "unsigned int __cdecl getHourHeight(class cv::Mat)" (?getHourHeight@@YAIVMat@cv@@@Z)
Source.obj : error LNK2001: unresolved external symbol "public: static class cv::MatExpr __cdecl cv::Mat::zeros(class cv::Size_<int>,int)" (?zeros@Mat@cv@@SA?AVMatExpr@2@V?$Size_@H@2@H@Z)
HourHeight.obj : error LNK2019: unresolved external symbol "public: void __thiscall cv::Mat::deallocate(void)" (?deallocate@Mat@cv@@QAEXXZ) referenced in function "public: void __thiscall cv::Mat::release(void)" (?release@Mat@cv@@QAEXXZ)
OCR.obj : error LNK2001: unresolved external symbol "public: void __thiscall cv::Mat::deallocate(void)" (?deallocate@Mat@cv@@QAEXXZ)
Source.obj : error LNK2001: unresolved external symbol "public: void __thiscall cv::Mat::deallocate(void)" (?deallocate@Mat@cv@@QAEXXZ)
Tools.obj : error LNK2001: unresolved external symbol "public: void __thiscall cv::Mat::deallocate(void)" (?deallocate@Mat@cv@@QAEXXZ)
HourHeight.obj : error LNK2019: unresolved external symbol "public: void __thiscall cv::Mat::copySize(class cv::Mat const &)" (?copySize@Mat@cv@@QAEXABV12@@Z) referenced in function "public: __thiscall cv::Mat::Mat(class cv::Mat const &)" (??0Mat@cv@@QAE@ABV01@@Z)
OCR.obj : error LNK2001: unresolved external symbol "public: void __thiscall cv::Mat::copySize(class cv::Mat const &)" (?copySize@Mat@cv@@QAEXABV12@@Z)
Source.obj : error LNK2001: unresolved external symbol "public: void __thiscall cv::Mat::copySize(class cv::Mat const &)" (?copySize@Mat@cv@@QAEXABV12@@Z)
HourHeight.obj : error LNK2019: unresolved external symbol "void __cdecl cv::Canny(class cv::debug_build_guard::_InputArray const &,class cv::debug_build_guard::_OutputArray const &,double,double,int,bool)" (?Canny@cv@@YAXABV_InputArray@debug_build_guard@1@ABV_OutputArray@31@NNH_N@Z) referenced in function "unsigned int __cdecl getHourHeight(class cv::Mat)" (?getHourHeight@@YAIVMat@cv@@@Z)
Source.obj : error LNK2001: unresolved external symbol "void __cdecl cv::Canny(class cv::debug_build_guard::_InputArray const &,class cv::debug_build_guard::_OutputArray const &,double,double,int,bool)" (?Canny@cv@@YAXABV_InputArray@debug_build_guard@1@ABV_OutputArray@31@NNH_N@Z)
HourHeight.obj : error LNK2019: unresolved external symbol "void __cdecl cv::findContours(class cv::debug_build_guard::_InputOutputArray const &,class cv::debug_build_guard::_OutputArray const &,int,int,class cv::Point_<int>)" (?findContours@cv@@YAXABV_InputOutputArray@debug_build_guard@1@ABV_OutputArray@31@HHV?$Point_@H@1@@Z) referenced in function "unsigned int __cdecl getHourHeight(class cv::Mat)" (?getHourHeight@@YAIVMat@cv@@@Z)
Source.obj : error LNK2019: unresolved external symbol "public: __thiscall cv::Mat::Mat(class cv::Mat const &,class cv::Range const &,class cv::Range const &)" (??0Mat@cv@@QAE@ABV01@ABVRange@1@1@Z) referenced in function "public: class cv::Mat __thiscall cv::Mat::operator()(class cv::Range,class cv::Range)const " (??RMat@cv@@QBE?AV01@VRange@1@0@Z)
Source.obj : error LNK2019: unresolved external symbol "void __cdecl cv::hconcat(class cv::debug_build_guard::_InputArray const &,class cv::debug_build_guard::_OutputArray const &)" (?hconcat@cv@@YAXABV_InputArray@debug_build_guard@1@ABV_OutputArray@31@@Z) referenced in function _main
Source.obj : error LNK2019: unresolved external symbol "class cv::Mat __cdecl cv::imread(class cv::String const &,int)" (?imread@cv@@YA?AVMat@1@ABVString@1@H@Z) referenced in function _main
Source.obj : error LNK2019: unresolved external symbol "bool __cdecl cv::imwrite(class cv::String const &,class cv::debug_build_guard::_InputArray const &,class std::vector<int,class std::allocator<int> > const &)" (?imwrite@cv@@YA_NABVString@1@ABV_InputArray@debug_build_guard@1@ABV?$vector@HV?$allocator@H@std@@@std@@@Z) referenced in function "class cv::Mat __cdecl processDay(class cv::Mat,unsigned int,unsigned int)" (?processDay@@YA?AVMat@cv@@V12@II@Z)
Source.obj : error LNK2019: unresolved external symbol "int __cdecl cv::waitKey(int)" (?waitKey@cv@@YAHH@Z) referenced in function _main
Source.obj : error LNK2019: unresolved external symbol "void __cdecl cv::HoughLinesP(class cv::debug_build_guard::_InputArray const &,class cv::debug_build_guard::_OutputArray const &,double,double,int,double,double)" (?HoughLinesP@cv@@YAXABV_InputArray@debug_build_guard@1@ABV_OutputArray@31@NNHNN@Z) referenced in function _main
Source.obj : error LNK2019: unresolved external symbol "double __cdecl cv::threshold(class cv::debug_build_guard::_InputArray const &,class cv::debug_build_guard::_OutputArray const &,double,double,int)" (?threshold@cv@@YANABV_InputArray@debug_build_guard@1@ABV_OutputArray@31@NNH@Z) referenced in function "class cv::Mat __cdecl processDay(class cv::Mat,unsigned int,unsigned int)" (?processDay@@YA?AVMat@cv@@V12@II@Z)
Source.obj : error LNK2019: unresolved external symbol "void __cdecl cv::cvtColor(class cv::debug_build_guard::_InputArray const &,class cv::debug_build_guard::_OutputArray const &,int,int)" (?cvtColor@cv@@YAXABV_InputArray@debug_build_guard@1@ABV_OutputArray@31@HH@Z) referenced in function "class cv::Mat __cdecl processDay(class cv::Mat,unsigned int,unsigned int)" (?processDay@@YA?AVMat@cv@@V12@II@Z)
Source.obj : error LNK2019: unresolved external symbol "void __cdecl cv::findContours(class cv::debug_build_guard::_InputOutputArray const &,class cv::debug_build_guard::_OutputArray const &,class cv::debug_build_guard::_OutputArray const &,int,int,class cv::Point_<int>)" (?findContours@cv@@YAXABV_InputOutputArray@debug_build_guard@1@ABV_OutputArray@31@1HHV?$Point_@H@1@@Z) referenced in function "class cv::Mat __cdecl processDay(class cv::Mat,unsigned int,unsigned int)" (?processDay@@YA?AVMat@cv@@V12@II@Z)
Source.obj : error LNK2019: unresolved external symbol "void __cdecl cv::rectangle(class cv::debug_build_guard::_InputOutputArray const &,class cv::Point_<int>,class cv::Point_<int>,class cv::Scalar_<double> const &,int,int,int)" (?rectangle@cv@@YAXABV_InputOutputArray@debug_build_guard@1@V?$Point_@H@1@1ABV?$Scalar_@N@1@HHH@Z) referenced in function "class cv::Mat __cdecl processDay(class cv::Mat,unsigned int,unsigned int)" (?processDay@@YA?AVMat@cv@@V12@II@Z)
Source.obj : error LNK2019: unresolved external symbol "void __cdecl cv::drawContours(class cv::debug_build_guard::_InputOutputArray const &,class cv::debug_build_guard::_InputArray const &,int,class cv::Scalar_<double> const &,int,int,class cv::debug_build_guard::_InputArray const &,int,class cv::Point_<int>)" (?drawContours@cv@@YAXABV_InputOutputArray@debug_build_guard@1@ABV_InputArray@31@HABV?$Scalar_@N@1@HH1HV?$Point_@H@1@@Z) referenced in function "class cv::Mat __cdecl processDay(class cv::Mat,unsigned int,unsigned int)" (?processDay@@YA?AVMat@cv@@V12@II@Z)
Tools.obj : error LNK2019: unresolved external symbol "void __cdecl cv::line(class cv::debug_build_guard::_InputOutputArray const &,class cv::Point_<int>,class cv::Point_<int>,class cv::Scalar_<double> const &,int,int,int)" (?line@cv@@YAXABV_InputOutputArray@debug_build_guard@1@V?$Point_@H@1@1ABV?$Scalar_@N@1@HHH@Z) referenced in function "void __cdecl drawLine(class cv::Mat,class cv::Vec<int,4>,class cv::Scalar_<double>)" (?drawLine@@YAXVMat@cv@@V?$Vec@H$03@2@V?$Scalar_@N@2@@Z)
C:\Users\saran\git\uwcalendar\opencv\ScheduleCV\Debug\ScheduleCV.exe : fatal error LNK1120: 21 unresolved externals
